
Check log file for D:/Github/AHM_code_repository/AHM2_autotest/AHM2_ch02 
started 2021-04-27 14:51:33

################################################################


 AHM2_02.02.R 
2021-04-27 14:51:33 
Plotting par's were not restored. ok


 AHM2_02.03.0.R 
2021-04-27 14:51:35 
Plotting par's were not restored. ok
Took 45.92 secs

 AHM2_02.03.1.R 
2021-04-27 14:52:21 
Plotting par's were not restored. ok
Took 21.67 mins

 AHM2_02.03.3+4.R 
2021-04-27 15:14:01 
Plotting par's were not restored. ok
Took 4.27 hrs

 AHM2_02.04.1+2.R 
2021-04-27 19:30:04 
Took 15.74 hrs

 AHM2_02.04.3.R 
2021-04-28 11:14:16 
Took 9.63 mins

 AHM2_02.05.1+2.R 
2021-04-28 11:23:54 
Took 1.96 mins

 AHM2_02.05.3.R 
2021-04-28 11:25:52 
Took 52.72 secs

 AHM2_02.05.6+7.R 
2021-04-28 11:26:46 
Took 1.79 hrs

 AHM2_02.07.R 
2021-04-28 13:14:19 
Took 11.86 mins

 AHM2_02.08.R 
2021-04-28 13:26:11 
Took 1.92 mins

 AHM2_02.09.R 
2021-04-28 13:28:07 
Took 12.23 mins

 AHM2_02.10.R 
2021-04-28 13:40:23 
Took 2.71 mins

#############################################
Completed 2021-04-28 13:43:06
Overall time taken 22.86 hours 

SessionInfo:

R version 4.1.0 alpha (2021-04-26 r80229)
Platform: x86_64-w64-mingw32/x64 (64-bit)
Running under: Windows 10 x64 (build 19042)

Matrix products: default

locale:
[1] LC_COLLATE=English_Malaysia.1252  LC_CTYPE=English_Malaysia.1252   
[3] LC_MONETARY=English_Malaysia.1252 LC_NUMERIC=C                     
[5] LC_TIME=English_Malaysia.1252    

attached base packages:
[1] stats     graphics  grDevices utils     datasets  methods   base     

other attached packages:
[1] jagsUI_1.5.1.9101 rgdal_1.5-23      sp_1.4-5         

loaded via a namespace (and not attached):
 [1] Rcpp_1.0.6              lattice_0.20-41         codetools_0.2-18       
 [4] mvtnorm_1.1-1           unmarked_1.0.1.9014     MASS_7.3-53.1          
 [7] grid_4.1.0              plyr_1.8.6              nlme_3.1-152           
[10] RandomFields_3.3.8      coda_0.19-4             minqa_1.2.4            
[13] nloptr_1.2.2.2          raster_3.4-5            rjags_4-10             
[16] Matrix_1.3-2            boot_1.3-27             splines_4.1.0          
[19] AHMbook_0.2.2.9001      statmod_1.4.35          lme4_1.1-26            
[22] tools_4.1.0             plotrix_3.8-1           parallel_4.1.0         
[25] compiler_4.1.0          RandomFieldsUtils_0.5.3
